<?xml version="1.0" encoding="UTF-8" ?>
<testsuite tests="73" failures="0" name="TestRunner.TestRunner" time="0.013" errors="0" skipped="0">
  <properties>
[...]
</properties>
  <testcase classname="| Username3 | Password3 |" name="Given Driver is present" time="0.006"/>
  <testcase classname="| Username3 | Password3 |" name="When Browser is triggered" time="0"/>
  <testcase classname="| Username3 | Password3 |" name="Then Check if browser is started" time="0.001"/>
  <testcase classname="| Username3 | Password3 |" name="Given User is on Netbanking landing page" time="0"/>
  <testcase classname="| Username3 | Password3 |" name="When User login into application with Username3 and Password3" time="0"/>
  <testcase classname="| Username3 | Password3 |" name="Then Homepage is populated" time="0"/>
  <testcase classname="| Username3 | Password3 |" name="And Cards displayed are &quot;False&quot;" time="0"/>
  <testcase classname="| Username3 | Password3 |" name="| Username3 | Password3 |" time="0"/>
  <testcase classname="| Username4 | Password4 |" name="Given Driver is present" time="0"/>
  <testcase classname="| Username4 | Password4 |" name="When Browser is triggered" time="0"/>
  <testcase classname="| Username4 | Password4 |" name="Then Check if browser is started" time="0"/>
  <testcase classname="| Username4 | Password4 |" name="Given User is on Netbanking landing page" time="0.001"/>
  <testcase classname="| Username4 | Password4 |" name="When User login into application with Username4 and Password4" time="0"/>
  <testcase classname="| Username4 | Password4 |" name="Then Homepage is populated" time="0"/>
  <testcase classname="| Username4 | Password4 |" name="And Cards displayed are &quot;False&quot;" time="0"/>
  <testcase classname="| Username4 | Password4 |" name="| Username4 | Password4 |" time="0"/>
  <testcase classname="| Username5 | Password5 |" name="Given Driver is present" time="0"/>
  <testcase classname="| Username5 | Password5 |" name="When Browser is triggered" time="0"/>
  <testcase classname="| Username5 | Password5 |" name="Then Check if browser is started" time="0"/>
  <testcase classname="| Username5 | Password5 |" name="Given User is on Netbanking landing page" time="0"/>
  <testcase classname="| Username5 | Password5 |" name="When User login into application with Username5 and Password5" time="0"/>
  <testcase classname="| Username5 | Password5 |" name="Then Homepage is populated" time="0"/>
  <testcase classname="| Username5 | Password5 |" name="And Cards displayed are &quot;False&quot;" time="0"/>
  <testcase classname="| Username5 | Password5 |" name="| Username5 | Password5 |" time="0"/>
  <testcase classname="| Username6 | Password6 |" name="Given Driver is present" time="0"/>
  <testcase classname="| Username6 | Password6 |" name="When Browser is triggered" time="0"/>
  <testcase classname="| Username6 | Password6 |" name="Then Check if browser is started" time="0"/>
  <testcase classname="| Username6 | Password6 |" name="Given User is on Netbanking landing page" time="0"/>
  <testcase classname="| Username6 | Password6 |" name="When User login into application with Username6 and Password6" time="0"/>
  <testcase classname="| Username6 | Password6 |" name="Then Homepage is populated" time="0"/>
  <testcase classname="| Username6 | Password6 |" name="And Cards displayed are &quot;False&quot;" time="0"/>
  <testcase classname="| Username6 | Password6 |" name="| Username6 | Password6 |" time="0"/>
  <testcase classname="| Username7 | Password7 |" name="Given Driver is present" time="0"/>
  <testcase classname="| Username7 | Password7 |" name="When Browser is triggered" time="0"/>
  <testcase classname="| Username7 | Password7 |" name="Then Check if browser is started" time="0"/>
  <testcase classname="| Username7 | Password7 |" name="Given User is on Netbanking landing page" time="0"/>
  <testcase classname="| Username7 | Password7 |" name="When User login into application with Username7 and Password7" time="0"/>
  <testcase classname="| Username7 | Password7 |" name="Then Homepage is populated" time="0"/>
  <testcase classname="| Username7 | Password7 |" name="And Cards displayed are &quot;False&quot;" time="0"/>
  <testcase classname="| Username7 | Password7 |" name="| Username7 | Password7 |" time="0"/>
  <testcase classname="Scenario: Home page signup" name="Given Driver is present" time="0"/>
  <testcase classname="Scenario: Home page signup" name="When Browser is triggered" time="0"/>
  <testcase classname="Scenario: Home page signup" name="Then Check if browser is started" time="0"/>
  <testcase classname="Scenario: Home page signup" name="Given User is on Netbanking landing page" time="0"/>
  <testcase classname="Scenario: Home page signup" name="When User signup with the following details" time="0"/>
  <testcase classname="Scenario: Home page signup" name="Then Homepage is populated" time="0"/>
  <testcase classname="Scenario: Home page signup" name="And Cards displayed are &quot;True&quot;" time="0"/>
  <testcase classname="Scenario: Home page signup" name="Scenario: Home page signup" time="0"/>
  <testcase classname="| Username8 | Password8 |" name="Given User is on Netbanking landing page" time="0"/>
  <testcase classname="| Username8 | Password8 |" name="When User login into application with Username8 and Password8" time="0"/>
  <testcase classname="| Username8 | Password8 |" name="Then Homepage is populated" time="0"/>
  <testcase classname="| Username8 | Password8 |" name="And Cards displayed are &quot;False&quot;" time="0"/>
  <testcase classname="| Username8 | Password8 |" name="| Username8 | Password8 |" time="0"/>
  <testcase classname="| Username9 | Password9 |" name="Given User is on Netbanking landing page" time="0"/>
  <testcase classname="| Username9 | Password9 |" name="When User login into application with Username9 and Password9" time="0"/>
  <testcase classname="| Username9 | Password9 |" name="Then Homepage is populated" time="0"/>
  <testcase classname="| Username9 | Password9 |" name="And Cards displayed are &quot;False&quot;" time="0"/>
  <testcase classname="| Username9 | Password9 |" name="| Username9 | Password9 |" time="0.004"/>
  <testcase classname="| Username10 | Password10 |" name="Given User is on Netbanking landing page" time="0"/>
  <testcase classname="| Username10 | Password10 |" name="When User login into application with Username10 and Password10" time="0"/>
  <testcase classname="| Username10 | Password10 |" name="Then Homepage is populated" time="0"/>
  <testcase classname="| Username10 | Password10 |" name="And Cards displayed are &quot;False&quot;" time="0"/>
  <testcase classname="| Username10 | Password10 |" name="| Username10 | Password10 |" time="0"/>
  <testcase classname="| Username11 | Password11 |" name="Given User is on Netbanking landing page" time="0"/>
  <testcase classname="| Username11 | Password11 |" name="When User login into application with Username11 and Password11" time="0"/>
  <testcase classname="| Username11 | Password11 |" name="Then Homepage is populated" time="0"/>
  <testcase classname="| Username11 | Password11 |" name="And Cards displayed are &quot;False&quot;" time="0"/>
  <testcase classname="| Username11 | Password11 |" name="| Username11 | Password11 |" time="0"/>
  <testcase classname="| Username12 | Password12 |" name="Given User is on Netbanking landing page" time="0"/>
  <testcase classname="| Username12 | Password12 |" name="When User login into application with Username12 and Password12" time="0"/>
  <testcase classname="| Username12 | Password12 |" name="Then Homepage is populated" time="0.001"/>
  <testcase classname="| Username12 | Password12 |" name="And Cards displayed are &quot;False&quot;" time="0"/>
  <testcase classname="| Username12 | Password12 |" name="| Username12 | Password12 |" time="0"/>
</testsuite>